2019-05-13 22:16:11 Core revision: 0c6e8c88780ba632054d / 2019-04-22 11:33:42 +1000 / Linux_x64 (little-endian) [world-daemon]
2019-05-13 22:16:11 <Ctrl-C> to stop.
2019-05-13 22:16:11 

MM   MM         MM   MM  MMMMM   MMMM   MMMMM
MM   MM         MM   MM MMM MMM MM  MM MMM MMM
MMM MMM         MMM  MM MMM MMM MM  MM MMM
MM M MM         MMMM MM MMM     MM  MM  MMM
MM M MM  MMMMM  MM MMMM MMM     MM  MM   MMM
MM M MM M   MMM MM  MMM MMMMMMM MM  MM    MMM
MM   MM     MMM MM   MM MM  MMM MM  MM     MMM
MM   MM MMMMMMM MM   MM MMM MMM MM  MM MMM MMM
MM   MM MM  MMM MM   MM  MMMMMM  MMMM   MMMMM
        MM  MMM http://getmangos.com
        MMMMMM


2019-05-13 22:16:11 Light's Hope : https://lightshope.org/
2019-05-13 22:16:11 Using configuration file /server/etc/mangosd.conf.
2019-05-13 22:16:11 World Database: 192.168.59.129;3306;root;*;mangos, sync threads: 1, workers: 1
2019-05-13 22:16:11 Character Database: 192.168.59.129;3306;root;*;characters, sync threads: 1, workers: 1
2019-05-13 22:16:11 Login Database: 192.168.59.129;3306;root;*;realmd, sync threads: 1, workers: 1
2019-05-13 22:16:11 Logs Database: 192.168.59.129;3306;root;*;logs, sync threads: 1, workers: 1
2019-05-13 22:16:11 Realm running as realm ID 1
2019-05-13 22:16:11 
2019-05-13 22:16:11 Using DataDir /server/data/
2019-05-13 22:16:11 WORLD: VMap support included. LineOfSight:1, getHeight:1, indoorCheck:1
2019-05-13 22:16:11 WORLD: VMap data directory is: /server/data/vmaps
2019-05-13 22:16:11 >> Loading Nostalrius config ...
2019-05-13 22:16:11 WORLD: mmap pathfinding enabled
2019-05-13 22:16:11 * Anticrash : options 0x1c rearm after 60sec
2019-05-13 22:16:11 * Pathfinding : [ON]
2019-05-13 22:16:11 
2019-05-13 22:16:11 Loading MaNGOS strings...
2019-05-13 22:16:11 
2019-05-13 22:16:11 >> Loaded 931 MaNGOS strings from table mangos_string
2019-05-13 22:16:11 Loading Instance Statistics...
2019-05-13 22:16:11 > Loading table `instance_wipes`
2019-05-13 22:16:11 >> Table instance_wipes is empty.
2019-05-13 22:16:11 
2019-05-13 22:16:11 > Loading table `instance_creature_kills`
2019-05-13 22:16:11 >> Table instance_creature_kills is empty.
2019-05-13 22:16:11 
2019-05-13 22:16:11 > Loading table `instance_custom_counters`
2019-05-13 22:16:11 >> Table instance_custom_counters is empty.
2019-05-13 22:16:11 
2019-05-13 22:16:11 Loading saved variables ...
2019-05-13 22:16:11 
2019-05-13 22:16:11 >> Loaded 37 saved variables
2019-05-13 22:16:11 Loading GM security access ...
2019-05-13 22:16:11 >> 2 GM ranks loaded for realm 1
2019-05-13 22:16:11 Loading account_banned ...
2019-05-13 22:16:11 Loading ip_banned ...
2019-05-13 22:16:11 
2019-05-13 22:16:11 Loading spells ...
2019-05-13 22:16:11 >> Loaded 33393 spells in 263ms.
2019-05-13 22:16:11 
2019-05-13 22:16:11 Loading factions ...
2019-05-13 22:16:11 
2019-05-13 22:16:11 >> Loaded 955 factions and 1678 faction templates.
2019-05-13 22:16:11 
2019-05-13 22:16:11 Loading sounds ...
2019-05-13 22:16:11 
2019-05-13 22:16:11 >> Loaded 9433 sound entries.
2019-05-13 22:16:11 Initialize data stores...
2019-05-13 22:16:11 
2019-05-13 22:16:11 >> Initialized 45 data stores
2019-05-13 22:16:11 Using enUS DBC Locale as default. All available DBC locales: esES zhTW zhCN deDE frFR koKR enUS 
2019-05-13 22:16:11 
2019-05-13 22:16:11 Loading Script Names...
2019-05-13 22:16:11 
2019-05-13 22:16:11 >> Loaded 783 Script Names
2019-05-13 22:16:11 Loading MapTemplate...
2019-05-13 22:16:11 >> Loaded 44 Map Template definitions
2019-05-13 22:16:11 
2019-05-13 22:16:11 Loading AreaTemplate...
2019-05-13 22:16:11 Loading `spell_mod` and `spell_effect_mod`...
2019-05-13 22:16:11 
2019-05-13 22:16:11 Loading spell mods ...
2019-05-13 22:16:11 
2019-05-13 22:16:11 >> Loaded 522 spell modifications.
2019-05-13 22:16:11 
2019-05-13 22:16:11 Loading spell effect mods ...
2019-05-13 22:16:11 
2019-05-13 22:16:11 >> Loaded 405 spell effect modifications.
2019-05-13 22:16:11 Loading SkillLineAbilityMultiMap Data...
2019-05-13 22:16:11 
2019-05-13 22:16:11 >> Loaded 5067 SkillLineAbility MultiMap Data
2019-05-13 22:16:11 Loading SkillRaceClassInfoMultiMap Data...
2019-05-13 22:16:11 
2019-05-13 22:16:11 >> Loaded 148 SkillRaceClassInfo MultiMap Data
2019-05-13 22:16:11 Cleaning up instances...
2019-05-13 22:16:12 
2019-05-13 22:16:12 >> Instances cleaned up
2019-05-13 22:16:12 Packing instances...
2019-05-13 22:16:12 >> Instance numbers remapped, next instance id is 100
2019-05-13 22:16:12 
2019-05-13 22:16:12 Packing groups...
2019-05-13 22:16:12 >> Group Ids remapped, next group id is 1
2019-05-13 22:16:12 
2019-05-13 22:16:12 Scheduling normal instance reset...
2019-05-13 22:16:12 
2019-05-13 22:16:12 Loading Broadcast Texts...
2019-05-13 22:16:12 >> Loaded 73043 broadcast texts.
2019-05-13 22:16:12 
2019-05-13 22:16:12 Loading Page Texts...
2019-05-13 22:16:12 >> Loaded 1451 page texts
2019-05-13 22:16:12 
2019-05-13 22:16:12 Loading Game Object Templates...
2019-05-13 22:16:12 >> Loaded 8919 game object templates
2019-05-13 22:16:12 
2019-05-13 22:16:12 Loading Transport templates...
2019-05-13 22:16:12 >> Loaded 8 transport templates in 3 ms
2019-05-13 22:16:12 Loading Spell Chain Data...
2019-05-13 22:16:12 
2019-05-13 22:16:12 >> Loaded 2851 spell chain records (1784 from DBC data with 2 req field updates, and 1067 loaded from table)
2019-05-13 22:16:12 Loading Spell Elixir types...
2019-05-13 22:16:12 
2019-05-13 22:16:12 >> Loaded 60 spell elixir definitions
2019-05-13 22:16:12 Loading Spell Learn Skills...
2019-05-13 22:16:12 
2019-05-13 22:16:12 >> Loaded 58 Spell Learn Skills from DBC
2019-05-13 22:16:12 Loading Spell Learn Spells...
2019-05-13 22:16:12 
2019-05-13 22:16:12 >> Loaded 5 spell learn spells + 4735 found in DBC
2019-05-13 22:16:12 Loading Spell Proc Event conditions...
2019-05-13 22:16:12 ERROR:Spell 6346 listed in `spell_proc_event` has exactly same proc flags as in spell.dbc, field value redundant
2019-05-13 22:16:12 
2019-05-13 22:16:12 >> Loaded 141 extra spell proc event conditions +22 custom proc (inc. +0 custom ranks)
2019-05-13 22:16:12 Loading Spell Bonus Data...
2019-05-13 22:16:12 ERROR:`spell_bonus_data` entry for spell 348 `direct_bonus` not needed (data from table: 0.207790, calculated 0.207714, difference of 0.000076) and 
2019-05-13 22:16:12 ERROR:                                  ... `dot_bonus` not needed (data from table: 0.127270, calculated 0.127257, difference of 0.000013)
2019-05-13 22:16:12 ERROR:`spell_bonus_data` entry for spell 26573 `dot_bonus` not needed (data from table: 0.041600, calculated 0.044444, difference of 0.002844) and direct also not used
2019-05-13 22:16:12 
2019-05-13 22:16:12 >> Loaded 144 extra spell bonus data
2019-05-13 22:16:12 Loading Spell Proc Item Enchant...
2019-05-13 22:16:12 
2019-05-13 22:16:12 >> Loaded 4 proc item enchant definitions
2019-05-13 22:16:12 Loading Aggro Spells Definitions...
2019-05-13 22:16:12 ERROR:Spell 25918 listed in `spell_threat` as custom rank has same data as Rank 1, so redundant
2019-05-13 22:16:12 
2019-05-13 22:16:12 >> Loaded 88 spell threat entries
2019-05-13 22:16:12 Loading NPC Texts...
2019-05-13 22:16:12 
2019-05-13 22:16:12 >> Loaded 2914 npc texts
2019-05-13 22:16:12 Loading Item Random Enchantments Table...
2019-05-13 22:16:12 
2019-05-13 22:16:12 >> Loaded 27389 Item Enchantment definitions
2019-05-13 22:16:12 Loading Items...
2019-05-13 22:16:12 >> Loaded 11784 item prototypes
2019-05-13 22:16:12 
2019-05-13 22:16:12 Loading Item Texts...
2019-05-13 22:16:12 
2019-05-13 22:16:12 >> Loaded 0 item pages
2019-05-13 22:16:12 Loading Creature Model Based Info Data...
2019-05-13 22:16:12 >> Loaded 10534 creature model based info
2019-05-13 22:16:12 
2019-05-13 22:16:12 Loading Equipment templates...
2019-05-13 22:16:12 >> Loaded 4677 equipment template
2019-05-13 22:16:12 
2019-05-13 22:16:12 Loading Creature spells...
2019-05-13 22:16:12 >> Loaded 2153 creature spell templates.
2019-05-13 22:16:12 
2019-05-13 22:16:12 Loading Creature templates...
2019-05-13 22:16:12 >> Loaded 8755 creature definitions
2019-05-13 22:16:12 
2019-05-13 22:16:12 Loading SpellsScriptTarget...
2019-05-13 22:16:12 
2019-05-13 22:16:12 >> Loaded 474 Spell Script Targets
2019-05-13 22:16:12 Loading ItemRequiredTarget...
2019-05-13 22:16:12 
2019-05-13 22:16:12 >> Loaded 33 Item required targets
2019-05-13 22:16:12 Loading Reputation Reward Rates...
2019-05-13 22:16:12 
2019-05-13 22:16:12 ERROR:>> Loaded `reputation_reward_rate`, table is empty!
2019-05-13 22:16:12 Loading Creature Reputation OnKill Data...
2019-05-13 22:16:12 
2019-05-13 22:16:12 >> Loaded 470 creature award reputation definitions
2019-05-13 22:16:12 Loading Reputation Spillover Data...
2019-05-13 22:16:12 
2019-05-13 22:16:12 >> Loaded 7 reputation_spillover_template
2019-05-13 22:16:12 Loading Points Of Interest Data...
2019-05-13 22:16:12 
2019-05-13 22:16:12 >> Loaded 453 Points of Interest definitions
2019-05-13 22:16:12 Loading Pet Create Spells...
2019-05-13 22:16:12 
2019-05-13 22:16:12 >> Loaded 7 pet create spells from table and 300 from DBC
2019-05-13 22:16:12 Loading Creature Data...
2019-05-13 22:16:12 
2019-05-13 22:16:12 >> Loaded 62587 creatures
2019-05-13 22:16:12 Loading Creature Addon Data...
2019-05-13 22:16:12 
2019-05-13 22:16:12 >> Loaded 1415 creature template addons
2019-05-13 22:16:12 
2019-05-13 22:16:12 >> Loaded 50032 creature addons
2019-05-13 22:16:12 
2019-05-13 22:16:12 >>> Creature Addon Data loaded
2019-05-13 22:16:12 
2019-05-13 22:16:12 Loading Creature Groups ...
2019-05-13 22:16:12 >> Loaded 4806 creature groups in 4 ms
2019-05-13 22:16:12 
2019-05-13 22:16:12 Loading Gameobject Data...
2019-05-13 22:16:13 
2019-05-13 22:16:13 >> Loaded 36576 gameobjects
2019-05-13 22:16:13 Loading Gameobject Requirements...
2019-05-13 22:16:13 
2019-05-13 22:16:13 >> Loaded 19 GameObjects requirements
2019-05-13 22:16:13 Loading CreatureLinking Data...
2019-05-13 22:16:13 > Loading table `creature_linking_template`
2019-05-13 22:16:13 >> Loaded creature linking for 0 creature-entries
2019-05-13 22:16:13 
2019-05-13 22:16:13 > Loading table `creature_linking`
2019-05-13 22:16:13 >> Loaded creature linking for 11 creature-Guids
2019-05-13 22:16:13 
2019-05-13 22:16:13 Loading Objects Pooling Data...
2019-05-13 22:16:13 
2019-05-13 22:16:13 >> Loaded 884 objects pools
2019-05-13 22:16:13 
2019-05-13 22:16:13 >> Loaded 293 creatures in pools from `pool_creature` and `pool_creature_template`
2019-05-13 22:16:13 
2019-05-13 22:16:13 >> Loaded 14427 gameobject in pools from `pool_gameobject` and `pool_gameobject_template`
2019-05-13 22:16:13 
2019-05-13 22:16:13 >> Loaded 8 pools in mother pools
2019-05-13 22:16:13 Loading Weather Data...
2019-05-13 22:16:13 >> Loaded 33 weather definitions
2019-05-13 22:16:13 
2019-05-13 22:16:13 Loading Quests...
2019-05-13 22:16:13 
2019-05-13 22:16:13 >> Loaded 2845 quests definitions
2019-05-13 22:16:13 Loading Quests Relations...
2019-05-13 22:16:13 
2019-05-13 22:16:13 
2019-05-13 22:16:13 >> Loaded 221 quest relations from gameobject_questrelation
2019-05-13 22:16:13 
2019-05-13 22:16:13 >> Loaded 186 quest relations from gameobject_involvedrelation
2019-05-13 22:16:13 
2019-05-13 22:16:13 >> Loaded 2552 quest relations from creature_questrelation
2019-05-13 22:16:13 
2019-05-13 22:16:13 >> Loaded 2646 quest relations from creature_involvedrelation
2019-05-13 22:16:13 >>> Quests Relations loaded
2019-05-13 22:16:13 
2019-05-13 22:16:13 Loading Quests Greetings...
2019-05-13 22:16:13 
2019-05-13 22:16:13 >> Loaded 91 quest greetings.
2019-05-13 22:16:13 
2019-05-13 22:16:13 Loading Trainer Greetings...
2019-05-13 22:16:13 
2019-05-13 22:16:13 >> Loaded 454 trainer greetings.
2019-05-13 22:16:13 
2019-05-13 22:16:13 Loading Game Event Data...
2019-05-13 22:16:13 
2019-05-13 22:16:13 
2019-05-13 22:16:13 >> Loaded 92 game events
2019-05-13 22:16:13 
2019-05-13 22:16:13 >> Loaded 1957 creatures in game events
2019-05-13 22:16:13 
2019-05-13 22:16:13 >> Loaded 11157 gameobjects in game events
2019-05-13 22:16:13 
2019-05-13 22:16:13 >> Loaded 1105 creature reactions at game events
2019-05-13 22:16:13 
2019-05-13 22:16:13 >> Loaded 0 quests additions in game events
2019-05-13 22:16:13 
2019-05-13 22:16:13 >> Loaded 0 start/end game event mails
2019-05-13 22:16:13 >>> Game Event Data loaded
2019-05-13 22:16:13 
2019-05-13 22:16:13 Loading Conditions ...
2019-05-13 22:16:13 >> Loaded 916 Condition definitions
2019-05-13 22:16:13 
2019-05-13 22:16:13 Loading Creature Respawn Data...
2019-05-13 22:16:13 
2019-05-13 22:16:13 >> Loaded 0 creature respawn time.
2019-05-13 22:16:13 Loading Gameobject Respawn Data...
2019-05-13 22:16:13 
2019-05-13 22:16:13 >> Loaded 0 gameobject respawn time.
2019-05-13 22:16:13 Loading SpellArea Data...
2019-05-13 22:16:13 
2019-05-13 22:16:13 >> Loaded 27 spell area requirements
2019-05-13 22:16:13 Loading AreaTrigger definitions...
2019-05-13 22:16:13 
2019-05-13 22:16:13 >> Loaded 77 area trigger teleport definitions
2019-05-13 22:16:13 Loading Quest Area Triggers...
2019-05-13 22:16:13 
2019-05-13 22:16:13 >> Loaded 31 quest trigger points
2019-05-13 22:16:13 Loading Tavern Area Triggers...
2019-05-13 22:16:13 
2019-05-13 22:16:13 >> Loaded 42 tavern triggers
2019-05-13 22:16:13 Loading Battleground Entrance Area Triggers...
2019-05-13 22:16:13 
2019-05-13 22:16:13 >> Loaded 6 battleground entrance area trigger definitions
2019-05-13 22:16:13 Loading AreaTrigger script names...
2019-05-13 22:16:13 
2019-05-13 22:16:13 >> Loaded 34 areatrigger scripts
2019-05-13 22:16:13 Loading event id script names...
2019-05-13 22:16:13 
2019-05-13 22:16:13 >> Loaded 10 scripted event id
2019-05-13 22:16:13 Loading Graveyard-zone links...
2019-05-13 22:16:13 
2019-05-13 22:16:13 >> Loaded 177 graveyard-zone links
2019-05-13 22:16:13 Loading spell target destination coordinates...
2019-05-13 22:16:13 
2019-05-13 22:16:13 >> Loaded 267 spell target destination coordinates
2019-05-13 22:16:13 Loading SpellAffect definitions...
2019-05-13 22:16:13 
2019-05-13 22:16:13 >> Loaded 252 spell affect definitions
2019-05-13 22:16:13 Loading spell pet auras...
2019-05-13 22:16:13 
2019-05-13 22:16:13 >> Loaded 23 spell pet auras
2019-05-13 22:16:13 Loading Player Create Info & Level Stats...
2019-05-13 22:16:13 
2019-05-13 22:16:13 
2019-05-13 22:16:13 >> Loaded 40 player create definitions
2019-05-13 22:16:13 
2019-05-13 22:16:13 >> Loaded 0 custom player create items
2019-05-13 22:16:13 
2019-05-13 22:16:13 >> Loaded 1497 player create spells
2019-05-13 22:16:13 
2019-05-13 22:16:13 >> Loaded 214 player create actions
2019-05-13 22:16:13 
2019-05-13 22:16:13 >> Loaded 540 level health/mana definitions
2019-05-13 22:16:13 
2019-05-13 22:16:13 >> Loaded 2400 level stats definitions
2019-05-13 22:16:13 
2019-05-13 22:16:13 >> Loaded 59 xp for level definitions
2019-05-13 22:16:13 >>> Player Create Info & Level Stats loaded
2019-05-13 22:16:13 
2019-05-13 22:16:13 Loading Exploration BaseXP Data...
2019-05-13 22:16:13 
2019-05-13 22:16:13 >> Loaded 61 BaseXP definitions
2019-05-13 22:16:13 Loading Pet Name Parts...
2019-05-13 22:16:13 
2019-05-13 22:16:13 >> Loaded 260 pet name parts
2019-05-13 22:16:13 Cleaning character database...
2019-05-13 22:16:13 Loading character cache data...
2019-05-13 22:16:13 
2019-05-13 22:16:13 >> 0 cached player data ...
2019-05-13 22:16:13 Loading the max pet number...
2019-05-13 22:16:13 Loading pet level stats...
2019-05-13 22:16:13 
2019-05-13 22:16:13 >> Loaded 1203 level pet stats definitions
2019-05-13 22:16:13 Loading Player Corpses...
2019-05-13 22:16:13 
2019-05-13 22:16:13 >> Loaded 0 corpses
2019-05-13 22:16:13 Loading Loot Tables...
2019-05-13 22:16:13 
2019-05-13 22:16:13 creature_loot_template :
2019-05-13 22:16:13 
2019-05-13 22:16:13 >> Loaded 219847 loot definitions (4278 templates)
2019-05-13 22:16:13 fishing_loot_template :
2019-05-13 22:16:13 
2019-05-13 22:16:13 >> Loaded 2394 loot definitions (358 templates)
2019-05-13 22:16:13 gameobject_loot_template :
2019-05-13 22:16:13 
2019-05-13 22:16:13 >> Loaded 13897 loot definitions (549 templates)
2019-05-13 22:16:13 item_loot_template :
2019-05-13 22:16:13 
2019-05-13 22:16:13 >> Loaded 2301 loot definitions (143 templates)
2019-05-13 22:16:13 mail_loot_template :
2019-05-13 22:16:13 
2019-05-13 22:16:13 >> Loaded 14 loot definitions (14 templates)
2019-05-13 22:16:13 pickpocketing_loot_template :
2019-05-13 22:16:13 
2019-05-13 22:16:13 >> Loaded 6906 loot definitions (1559 templates)
2019-05-13 22:16:13 skinning_loot_template :
2019-05-13 22:16:13 
2019-05-13 22:16:13 >> Loaded 2835 loot definitions (785 templates)
2019-05-13 22:16:13 disenchant_loot_template :
2019-05-13 22:16:13 
2019-05-13 22:16:13 >> Loaded 78 loot definitions (36 templates)
2019-05-13 22:16:13 reference_loot_template :
2019-05-13 22:16:13 
2019-05-13 22:16:13 >> Loaded 8877 loot definitions (474 templates)
2019-05-13 22:16:13 >>> Loot Tables loaded
2019-05-13 22:16:13 
2019-05-13 22:16:13 Loading Skill Discovery Table...
2019-05-13 22:16:13 
2019-05-13 22:16:13 >> Loaded 0 skill discovery definitions. DB table `skill_discovery_template` is empty.
2019-05-13 22:16:13 Loading Skill Extra Item Table...
2019-05-13 22:16:13 
2019-05-13 22:16:13 >> Loaded 0 spell specialization definitions. DB table `skill_extra_item_template` is empty.
2019-05-13 22:16:13 Loading Skill Fishing base level requirements...
2019-05-13 22:16:13 
2019-05-13 22:16:13 >> Loaded 56 areas for fishing base skill level
2019-05-13 22:16:13 Loading Npc Text Id...
2019-05-13 22:16:13 
2019-05-13 22:16:13 >> Loaded 1244 NpcTextId 
2019-05-13 22:16:13 Loading Gossip scripts...
2019-05-13 22:16:13 gossip_scripts :
2019-05-13 22:16:13 
2019-05-13 22:16:13 >> Loaded 297 script definitions
2019-05-13 22:16:13 Loading Gossip menus...
2019-05-13 22:16:13 
2019-05-13 22:16:13 >> Loaded 5628 gossip_menu entries
2019-05-13 22:16:13 Loading Gossip menu options...
2019-05-13 22:16:13 
2019-05-13 22:16:13 >> Loaded 3376 gossip_menu_option entries
2019-05-13 22:16:13 Loading Vendors...
2019-05-13 22:16:13 
2019-05-13 22:16:13 >> Loaded 105 vendor template items
2019-05-13 22:16:13 
2019-05-13 22:16:13 >> Loaded 11796 vendor items
2019-05-13 22:16:13 Loading Trainers...
2019-05-13 22:16:13 
2019-05-13 22:16:13 >> Loaded 10 trainer template spells
2019-05-13 22:16:13 ERROR:Craft spell 24654 create item (Entry: 20295) but item does not exist in item_template.
2019-05-13 22:16:13 ERROR:Spell 24656 learn to invalid spell 24654, and then...
2019-05-13 22:16:13 ERROR:Table `npc_trainer` (Entry: 7866) has broken learning spell 24656, ignore
2019-05-13 22:16:13 ERROR:Craft spell 24655 create item (Entry: 20296) but item does not exist in item_template.
2019-05-13 22:16:13 ERROR:Spell 24657 learn to invalid spell 24655, and then...
2019-05-13 22:16:13 ERROR:Table `npc_trainer` (Entry: 7867) has broken learning spell 24657, ignore
2019-05-13 22:16:13 ERROR:Craft spell 23486 create item (Entry: 18984) but item does not exist in item_template.
2019-05-13 22:16:13 ERROR:Spell 23490 learn to invalid spell 23486, and then...
2019-05-13 22:16:13 ERROR:Table `npc_trainer` (Entry: 8736) has broken learning spell 23490, ignore
2019-05-13 22:16:13 ERROR:Craft spell 23489 create item (Entry: 18986) but item does not exist in item_template.
2019-05-13 22:16:13 ERROR:Spell 23491 learn to invalid spell 23489, and then...
2019-05-13 22:16:13 ERROR:Table `npc_trainer` (Entry: 8736) has broken learning spell 23491, ignore
2019-05-13 22:16:13 ERROR:Craft spell 24655 create item (Entry: 20296) but item does not exist in item_template.
2019-05-13 22:16:13 ERROR:Spell 24657 learn to invalid spell 24655, and then...
2019-05-13 22:16:13 ERROR:Table `npc_trainer` (Entry: 7866) has broken learning spell 24657, ignore
2019-05-13 22:16:13 ERROR:Craft spell 24654 create item (Entry: 20295) but item does not exist in item_template.
2019-05-13 22:16:13 ERROR:Spell 24656 learn to invalid spell 24654, and then...
2019-05-13 22:16:13 ERROR:Table `npc_trainer` (Entry: 7867) has broken learning spell 24656, ignore
2019-05-13 22:16:13 ERROR:Craft spell 23486 create item (Entry: 18984) but item does not exist in item_template.
2019-05-13 22:16:13 ERROR:Spell 23490 learn to invalid spell 23486, and then...
2019-05-13 22:16:13 ERROR:Table `npc_trainer` (Entry: 5037) has broken learning spell 23490, ignore
2019-05-13 22:16:13 ERROR:Craft spell 23489 create item (Entry: 18986) but item does not exist in item_template.
2019-05-13 22:16:13 ERROR:Spell 23491 learn to invalid spell 23489, and then...
2019-05-13 22:16:13 ERROR:Table `npc_trainer` (Entry: 5037) has broken learning spell 23491, ignore
2019-05-13 22:16:13 ERROR:Craft spell 24654 create item (Entry: 20295) but item does not exist in item_template.
2019-05-13 22:16:13 ERROR:Spell 24656 learn to invalid spell 24654, and then...
2019-05-13 22:16:13 ERROR:Table `npc_trainer` (Entry: 5040) has broken learning spell 24656, ignore
2019-05-13 22:16:13 ERROR:Craft spell 24655 create item (Entry: 20296) but item does not exist in item_template.
2019-05-13 22:16:13 ERROR:Spell 24657 learn to invalid spell 24655, and then...
2019-05-13 22:16:13 ERROR:Table `npc_trainer` (Entry: 5040) has broken learning spell 24657, ignore
2019-05-13 22:16:13 
2019-05-13 22:16:13 >> Loaded 27698 trainer spells
2019-05-13 22:16:13 Loading Waypoint scripts...
2019-05-13 22:16:13 creature_movement_scripts :
2019-05-13 22:16:13 
2019-05-13 22:16:13 >> Loaded 280 script definitions
2019-05-13 22:16:13 Loading Waypoints...
2019-05-13 22:16:13 
2019-05-13 22:16:14 
2019-05-13 22:16:14 >> Paths loaded
2019-05-13 22:16:14 
2019-05-13 22:16:14 >> Waypoints and behaviors loaded
2019-05-13 22:16:14 
2019-05-13 22:16:14 >>> Loaded 2637 paths, 57225 nodes and 420 behaviors
2019-05-13 22:16:14 
2019-05-13 22:16:14 >> Path templates loaded
2019-05-13 22:16:14 
2019-05-13 22:16:14 >> Waypoint templates loaded
2019-05-13 22:16:14 
2019-05-13 22:16:14 >>> Loaded 97 path templates with 2840 nodes and 16 behaviors
2019-05-13 22:16:14 
2019-05-13 22:16:14 >> Paths loaded
2019-05-13 22:16:14 
2019-05-13 22:16:14 >> Special waypoints loaded
2019-05-13 22:16:14 
2019-05-13 22:16:14 >>> Loaded 5 paths, 98 nodes and 1 behaviors
2019-05-13 22:16:14 Loading Localization strings...
2019-05-13 22:16:14 
2019-05-13 22:16:14 >> Loaded 73043 broadcast text locales.
2019-05-13 22:16:14 
2019-05-13 22:16:14 >> Loaded 8678 creature locale strings
2019-05-13 22:16:14 
2019-05-13 22:16:14 >> Loaded 8886 gameobject locale strings
2019-05-13 22:16:14 
2019-05-13 22:16:14 >> Loaded 11302 Item locale strings
2019-05-13 22:16:15 
2019-05-13 22:16:15 >> Loaded 2836 Quest locale strings
2019-05-13 22:16:15 
2019-05-13 22:16:15 >> Loaded 1429 PageText locale strings
2019-05-13 22:16:15 
2019-05-13 22:16:15 >> Loaded 983 gossip_menu_option locale strings
2019-05-13 22:16:15 
2019-05-13 22:16:15 >> Loaded 355 points_of_interest locale strings
2019-05-13 22:16:15 >> Loaded 1081 area locale strings
2019-05-13 22:16:15 
2019-05-13 22:16:15 >>> Localization strings loaded
2019-05-13 22:16:15 
2019-05-13 22:16:15 Loading Auctions...
2019-05-13 22:16:15 
2019-05-13 22:16:15 
2019-05-13 22:16:15 >> Loaded 0 auction items
2019-05-13 22:16:15 
2019-05-13 22:16:15 >> Loaded 0 auctions. DB table `auction` is empty.
2019-05-13 22:16:15 >>> Auctions loaded
2019-05-13 22:16:15 
2019-05-13 22:16:15 Loading Guilds...
2019-05-13 22:16:15 
2019-05-13 22:16:15 >> Loaded 0 guild definitions
2019-05-13 22:16:15 Loading Petitions...
2019-05-13 22:16:15 
2019-05-13 22:16:15 >> Loaded 0 petitions
2019-05-13 22:16:15 Loading Groups...
2019-05-13 22:16:15 
2019-05-13 22:16:15 >> Loaded 0 group definitions
2019-05-13 22:16:15 Loading ReservedNames...
2019-05-13 22:16:15 
2019-05-13 22:16:15 >> Loaded 9 reserved player names
2019-05-13 22:16:15 Loading GameObjects for quests...
2019-05-13 22:16:15 
2019-05-13 22:16:15 >> Loaded 619 GameObjects for quests
2019-05-13 22:16:15 Loading BattleMasters...
2019-05-13 22:16:15 
2019-05-13 22:16:15 >> Loaded 24 battlemaster entries
2019-05-13 22:16:15 Loading BattleGround event indexes...
2019-05-13 22:16:15 
2019-05-13 22:16:15 >> Loaded 2395 battleground eventindexes
2019-05-13 22:16:15 Loading GameTeleports...
2019-05-13 22:16:15 
2019-05-13 22:16:15 >> Loaded 317 GameTeleports
2019-05-13 22:16:15 Loading Taxi path transitions...
2019-05-13 22:16:15 
2019-05-13 22:16:15 >> Loaded 355 taxi path transitions
2019-05-13 22:16:15 Loading GM tickets and surveys...
2019-05-13 22:16:15 >> Loaded 0 GM tickets. DB table `gm_ticket` is empty!
2019-05-13 22:16:15 >> Loaded GM Survey count from database in 0 ms
2019-05-13 22:16:15 Returning old mails...
2019-05-13 22:16:15 Loading Scripts...
2019-05-13 22:16:15 
2019-05-13 22:16:15 quest_start_scripts :
2019-05-13 22:16:15 
2019-05-13 22:16:15 >> Loaded 299 script definitions
2019-05-13 22:16:15 quest_end_scripts :
2019-05-13 22:16:15 
2019-05-13 22:16:15 >> Loaded 1153 script definitions
2019-05-13 22:16:15 spell_scripts :
2019-05-13 22:16:15 
2019-05-13 22:16:15 >> Loaded 24 script definitions
2019-05-13 22:16:15 creature_spells_scripts :
2019-05-13 22:16:15 
2019-05-13 22:16:15 >> Loaded 5 script definitions
2019-05-13 22:16:15 gameobject_scripts :
2019-05-13 22:16:15 
2019-05-13 22:16:15 >> Loaded 48 script definitions
2019-05-13 22:16:15 event_scripts :
2019-05-13 22:16:15 
2019-05-13 22:16:15 >> Loaded 608 script definitions
2019-05-13 22:16:15 creature_ai_scripts :
2019-05-13 22:16:15 
2019-05-13 22:16:15 >> Loaded 8029 script definitions
2019-05-13 22:16:15 >>> Scripts loaded
2019-05-13 22:16:15 
2019-05-13 22:16:15 Checking all script texts...
2019-05-13 22:16:15 Loading CreatureEventAI Events...
2019-05-13 22:16:15 
2019-05-13 22:16:15 >> Loaded 6229 CreatureEventAI events.
2019-05-13 22:16:15 Initializing Scripts...
2019-05-13 22:16:15 Loading Script Texts...
2019-05-13 22:16:15 
2019-05-13 22:16:15 >> Loaded 1497 string templates from script_texts
2019-05-13 22:16:15 Loading Script Texts additional data...
2019-05-13 22:16:15 
2019-05-13 22:16:15 >> Loaded 1497 additional Script Texts data.
2019-05-13 22:16:15 Loading Custom Texts...
2019-05-13 22:16:15 
2019-05-13 22:16:15 >> Loaded 0 string templates. DB table `custom_texts` is empty.
2019-05-13 22:16:15 Loading Custom Texts additional data...
2019-05-13 22:16:15 
2019-05-13 22:16:15 >> Loaded 0 additional Custom Texts data. DB table `custom_texts` is empty.
2019-05-13 22:16:15 Loading Script Waypoints for 88 creature(s)...
2019-05-13 22:16:15 
2019-05-13 22:16:15 >> Loaded 3532 Script Waypoint nodes.
2019-05-13 22:16:15 
2019-05-13 22:16:15 >> Loaded 1 Escort Creature Data
2019-05-13 22:16:15 Loading C++ scripts
2019-05-13 22:16:15 
2019-05-13 22:16:15 >> Loaded 783 C++ Scripts.
2019-05-13 22:16:15 
2019-05-13 22:16:15 Loading aura removal on map change definitions
2019-05-13 22:16:15 > Loading table `instance_buff_removal`
2019-05-13 22:16:15 >> Table instance_buff_removal is empty.
2019-05-13 22:16:15 
2019-05-13 22:16:15 DEBUG:: Initialize game time and timers
2019-05-13 22:16:15 Loading GameObject models ...
2019-05-13 22:16:15 Starting Map System
2019-05-13 22:16:15 Starting BattleGround System
2019-05-13 22:16:15 
2019-05-13 22:16:15 >> Loaded 3 battlegrounds
2019-05-13 22:16:15 Starting ZoneScripts
2019-05-13 22:16:15 Loading Transports...
2019-05-13 22:16:16 ZoneScriptMgr : 0 scripts on the map 1.
2019-05-13 22:16:17 ZoneScriptMgr : 0 scripts on the map 0.
2019-05-13 22:16:17 >> Spawned 8 continent transports in 2356 ms
2019-05-13 22:16:17 Deleting expired bans...
2019-05-13 22:16:17 Initialize Honor Maintenance system...
2019-05-13 22:16:17 Starting Game Event system...
2019-05-13 22:16:17 GameEvent 150 "Leprithus Spawn (Westfall)" started.
2019-05-13 22:16:17 GameEvent 45 "Fishing: summer period (for Raw Summer Bass)" started.
2019-05-13 22:16:17 GameEvent 47 "Fishing: Sunscale Cycle" started.
2019-05-13 22:16:17 GameEvent 48 "Fishing: Nightfin Cycle" started.
2019-05-13 22:16:17 GameEvent 83 "AQ Gate" started.
2019-05-13 22:16:17 Next game event check in 2624 seconds.
2019-05-13 22:16:17 Game Event system initialized.
2019-05-13 22:16:17 Loading disabled spells
2019-05-13 22:16:17 
2019-05-13 22:16:17 >> Loaded 3 disabled spells from `spell_disabled`
2019-05-13 22:16:17 Loading anticheat library
2019-05-13 22:16:17 Loading auto broadcast
2019-05-13 22:16:17 
2019-05-13 22:16:17 >> Loaded 0 AutoBroadCast message
2019-05-13 22:16:17 Loading AH bot (obsolete)
2019-05-13 22:16:17 
2019-05-13 22:16:17 >> Loaded 78 AuctionHouseBot items
2019-05-13 22:16:17 Caching player phases (obsolete)
2019-05-13 22:16:17 
2019-05-13 22:16:17 >> Loaded 0 characters phases
2019-05-13 22:16:17 Caching player pets ...
2019-05-13 22:16:17 * Loading de `character_pet`
2019-05-13 22:16:17 * Loading `pet_spell`
2019-05-13 22:16:17 * Loading `pet_spell_cooldown`
2019-05-13 22:16:17 * Loading table `pet_aura`
2019-05-13 22:16:17 Loading PlayerBot ...
2019-05-13 22:16:17 >> [PlayerBotMgr] Loading Bots ...
2019-05-13 22:16:17 DB playerbot vide.
2019-05-13 22:16:17 Loading faction change ...
2019-05-13 22:16:17 >> Loaded 7 reputations changes.
2019-05-13 22:16:17 >> 37 equivalences de sorts Alliance/Horde chargees
2019-05-13 22:16:17 >> 157 equivalences d'items Alliance/Horde chargees
2019-05-13 22:16:17 >> 91 equivalences de quetes Alliance/Horde chargees
2019-05-13 22:16:17 >> 40 montures de races chargees
2019-05-13 22:16:17 Loading loot-disabled map list
2019-05-13 22:16:17 
2019-05-13 22:16:17 >> Loaded 0 disabled maps loot
2019-05-13 22:16:17 Loading `cinematic_waypoints`
2019-05-13 22:16:17 
2019-05-13 22:16:17 >> Loaded 47 cinematic Waypoints from `cinematic_waypoints`
2019-05-13 22:16:17 Loading spell groups ...
2019-05-13 22:16:17 
2019-05-13 22:16:17 >> Loaded 399 spell group definitions
2019-05-13 22:16:17 Loading spell group stack rules ...
2019-05-13 22:16:17 
2019-05-13 22:16:17 >> Loaded 58 spell group stack rules
2019-05-13 22:16:17 Restoring deleted items to players ...
2019-05-13 22:16:17 
2019-05-13 22:16:17 >> Restored 0 prevously deleted items.
2019-05-13 22:16:17 
2019-05-13 22:16:17 ==========================================================
2019-05-13 22:16:17 Current content is set to Patch 1.2: Mysteries of Maraudon.
2019-05-13 22:16:17 Supported client build is set to 5875.
2019-05-13 22:16:17 ==========================================================
2019-05-13 22:16:17 
2019-05-13 22:16:17 World initialized.
2019-05-13 22:16:17 SERVER STARTUP TIME: 0 minutes 6 seconds
2019-05-13 22:16:17 
2019-05-13 22:16:17 
2019-05-13 22:16:17 >> Only expired mails (need to be return or delete) or DB table `mail` is empty.
2019-05-13 22:16:17 Max allowed socket connections 1048576
2019-05-13 22:16:48 Account: 3 (IP: 192.168.59.1) Create Character:[Luka] (guid: 1)
2019-05-13 22:17:26 Account: 3 (IP: 192.168.59.1) Delete Character:[Luka] (guid: 1)
